\BOOKMARK [-1][]{part.1}{\376\377\173\054\116\000\220\350\122\006\000\040\176\337\213\241\162\151\164\006\166\204\127\372\170\100}{}% 1
\BOOKMARK [0][]{chapter.1}{\376\377\0001\000\040\221\317\133\120\176\337\213\241\162\151\164\006\133\146\166\204\120\107\213\276\124\214\127\372\147\054\123\237\164\006}{part.1}% 2
\BOOKMARK [1][]{section.1.1}{\376\377\0001\000.\0001\000\040\221\317\133\120\122\233\133\146\166\204\133\306\136\246\167\351\226\065\210\150\217\360}{chapter.1}% 3
\BOOKMARK [2][]{subsection.1.1.1}{\376\377\0001\000.\0001\000.\0001\000\040\133\306\136\246\167\351\226\065\166\204\133\232\116\111\124\214\140\047\215\050}{section.1.1}% 4
\BOOKMARK [2][]{subsection.1.1.2}{\376\377\0001\000.\0001\000.\0002\000\040\220\350\122\006\217\371\116\016\166\370\136\162\140\047}{section.1.1}% 5
\BOOKMARK [2][]{subsection.1.1.3}{\376\377\0001\000.\0001\000.\0003\000\040\000L\000i\000o\000u\000v\000i\000l\000l\000e\000\040\133\232\164\006}{section.1.1}% 6
\BOOKMARK [1][]{section.1.2}{\376\377\0001\000.\0002\000\040\176\337\213\241\162\151\164\006\166\204\133\371\214\141\116\016\162\171\160\271}{chapter.1}% 7
\BOOKMARK [2][]{subsection.1.2.1}{\376\377\0001\000.\0002\000.\0001\000\040\133\217\211\302\162\151\117\123\124\214\133\120\174\373\176\337}{section.1.2}% 8
\BOOKMARK [2][]{subsection.1.2.2}{\376\377\0001\000.\0002\000.\0002\000\040\174\373\176\374\136\163\127\107\116\016\124\004\140\001\123\206\176\317\120\107\213\276}{section.1.2}% 9
\BOOKMARK [1][]{section.1.3}{\376\377\0001\000.\0003\000\040\116\000\202\054\176\337\213\241\122\006\136\003}{chapter.1}% 10
\BOOKMARK [2][]{subsection.1.3.1}{\376\377\0001\000.\0003\000.\0001\000\040\126\372\133\232\133\120\174\373\176\337\200\375\221\317\166\204\140\305\137\142\377\032\137\256\153\143\122\031\122\006\136\003}{section.1.3}% 11
\BOOKMARK [2][]{subsection.1.3.2}{\376\377\0001\000.\0003\000.\0002\000\040\161\265\116\016\156\051\136\246}{section.1.3}% 12
\BOOKMARK [2][]{subsection.1.3.3}{\376\377\0001\000.\0003\000.\0003\000\040\161\265\130\236\133\232\137\213}{section.1.3}% 13
\BOOKMARK [2][]{subsection.1.3.4}{\376\377\0001\000.\0003\000.\0004\000\040\126\372\133\232\133\120\174\373\176\337\156\051\136\246\166\204\140\305\137\142\377\032\000G\000i\000b\000b\000s\000\040\122\006\136\003}{section.1.3}% 14
\BOOKMARK [2][]{subsection.1.3.5}{\376\377\0001\000.\0003\000.\0005\000\040\000G\000i\000b\000b\000s\000\040\122\006\136\003\124\214\161\265\147\000\131\047\123\237\164\006\000\040\000*\145\340\120\117\211\301\123\237\122\031}{section.1.3}% 15
\BOOKMARK [2][]{subsection.1.3.6}{\376\377\0001\000.\0003\000.\0006\000\040\136\163\127\107\200\375\221\317\166\204\213\241\173\227}{section.1.3}% 16
\BOOKMARK [1][]{section.1.4}{\376\377\0001\000.\0004\000\040\121\150\124\014\174\222\133\120\166\204\176\337\213\241}{chapter.1}% 17
\BOOKMARK [2][]{subsection.1.4.1}{\376\377\0001\000.\0004\000.\0001\000\040\174\222\133\120\145\160\116\016\123\026\133\146\122\277}{section.1.4}% 18
\BOOKMARK [2][]{subsection.1.4.2}{\376\377\0001\000.\0004\000.\0002\000\040\136\046\147\011\174\222\133\120\145\160\173\227\173\046\166\204\137\256\153\143\122\031\122\006\136\003\116\016\000\040\000G\000i\000b\000b\000s\000\040\122\006\136\003}{section.1.4}% 19
\BOOKMARK [2][]{subsection.1.4.3}{\376\377\0001\000.\0004\000.\0003\000\040\000F\000e\000r\000m\000i\000\040\122\006\136\003\124\214\000\040\000B\000o\000s\000e\000\040\122\006\136\003}{section.1.4}% 20
\BOOKMARK [0][]{chapter.2}{\376\377\0002\000\040\133\217\211\302\160\355\122\233\133\146\221\317\116\016\000\040\000G\000i\000b\000b\000s\000\040\122\006\136\003}{part.1}% 21
\BOOKMARK [-1][]{part.2}{\376\377\173\054\116\214\220\350\122\006\000\040\226\104\137\125}{}% 22
\BOOKMARK [0][]{appendix.A}{\376\377\000A\000\040\221\317\133\120\131\032\117\123\225\356\230\230\124\214\116\214\153\041\221\317\133\120\123\026}{part.2}% 23
\BOOKMARK [1][]{section.A.1}{\376\377\000A\000.\0001\000\040\221\317\133\120\131\032\117\123\225\356\230\230\166\204\210\150\217\360}{appendix.A}% 24
\BOOKMARK [1][]{section.A.2}{\376\377\000A\000.\0002\000\040\116\214\153\041\221\317\133\120\123\026\124\214\000\040\000F\000o\000c\000k\000\040\172\172\225\364}{appendix.A}% 25
\BOOKMARK [2][]{subsection.A.2.1}{\376\377\000A\000.\0002\000.\0001\000\040\127\372\124\021\221\317\166\204\147\204\220\040}{section.A.2}% 26
\BOOKMARK [2][]{subsection.A.2.2}{\376\377\000A\000.\0002\000.\0002\000\040\122\033\220\040\173\227\173\046\116\016\156\156\160\155\173\227\173\046}{section.A.2}% 27
\BOOKMARK [2][]{subsection.A.2.3}{\376\377\000A\000.\0002\000.\0003\000\040\153\143\122\031\133\371\146\023\121\163\174\373\116\016\127\072\173\227\173\046}{section.A.2}% 28
